01:47:33 WARN  [com.lightbend.training.coffeehouse.CoffeeHouseApp] - CoffeeHouseApp running
Enter commands into the terminal, e.g. 'q' or 'quit'
01:47:33 DEBUG [akka://coffee-house-system/user/coffee-house] - CoffeeHouse Open
01:47:33 DEBUG [akka://coffee-house-system/user/coffee-house/barista] - started (com.lightbend.training.coffeehouse.Barista@2b20fd40)
01:47:33 DEBUG [akka://coffee-house-system/user/coffee-house/waiter] - started (com.lightbend.training.coffeehouse.Waiter@12d501f9)
01:47:33 DEBUG [akka://coffee-house-system/user/coffee-house] - started (com.lightbend.training.coffeehouse.CoffeeHouse@6010642)
01:47:33 DEBUG [akka://coffee-house-system/user/coffee-house] - now supervising Actor[akka://coffee-house-system/user/coffee-house/barista#-1679552961]
01:47:33 DEBUG [akka://coffee-house-system/user/coffee-house] - now supervising Actor[akka://coffee-house-system/user/coffee-house/waiter#-984580778]
01:47:42 DEBUG [akka://coffee-house-system/user/coffee-house] - Guest Actor[akka://coffee-house-system/user/coffee-house/$a#734161512] add to book
01:47:42 DEBUG [akka://coffee-house-system/user/coffee-house] - now supervising Actor[akka://coffee-house-system/user/coffee-house/$a#734161512]
01:47:42 DEBUG [akka://coffee-house-system/user/coffee-house/$a] - started (com.lightbend.training.coffeehouse.Guest@6c1bded3)
01:47:42 INFO  [akka://coffee-house-system/user/coffee-house] - Guest caffeine count incremented. WARNING arguments left: 1
01:47:47 INFO  [akka://coffee-house-system/user/coffee-house/$a] - Enjoying my 1 yummy CaffeJava 
01:47:52 INFO  [akka://coffee-house-system/user/coffee-house] - Guest caffeine count incremented. WARNING arguments left: 1
01:47:57 INFO  [akka://coffee-house-system/user/coffee-house/$a] - Enjoying my 2 yummy CaffeJava 
01:48:02 INFO  [akka://coffee-house-system/user/coffee-house] - Guest caffeine count incremented. WARNING arguments left: 1
01:48:07 INFO  [akka://coffee-house-system/user/coffee-house/$a] - Enjoying my 3 yummy CaffeJava 
01:48:12 INFO  [akka://coffee-house-system/user/coffee-house] - Guest caffeine count incremented. WARNING arguments left: 1
01:48:17 INFO  [akka://coffee-house-system/user/coffee-house/$a] - Enjoying my 4 yummy CaffeJava 
01:48:22 INFO  [akka://coffee-house-system/user/coffee-house] - Guest caffeine count incremented. WARNING arguments left: 1
01:48:27 INFO  [akka://coffee-house-system/user/coffee-house/$a] - Enjoying my 5 yummy CaffeJava 
01:48:32 INFO  [akka://coffee-house-system/user/coffee-house] - Sorry Actor[akka://coffee-house-system/user/coffee-house/$a#734161512], but you have reached your limit.
01:48:32 INFO  [akka://coffee-house-system/user/coffee-house/$a] - Goodbye!
01:48:32 DEBUG [akka://coffee-house-system/user/coffee-house/$a] - stopped
01:48:53 DEBUG [akka://coffee-house-system/user/coffee-house] - Guest Actor[akka://coffee-house-system/user/coffee-house/$b#1967696264] add to book
01:48:53 DEBUG [akka://coffee-house-system/user/coffee-house] - now supervising Actor[akka://coffee-house-system/user/coffee-house/$b#1967696264]
01:48:53 INFO  [akka://coffee-house-system/user/coffee-house] - Guest caffeine count incremented. WARNING arguments left: 1
01:48:53 DEBUG [akka://coffee-house-system/user/coffee-house/$b] - started (com.lightbend.training.coffeehouse.Guest@41bf3896)
01:48:54 DEBUG [akka://coffee-house-system/user/coffee-house] - Guest Actor[akka://coffee-house-system/user/coffee-house/$c#1777557707] add to book
01:48:54 DEBUG [akka://coffee-house-system/user/coffee-house/$c] - started (com.lightbend.training.coffeehouse.Guest@13974fbe)
01:48:54 DEBUG [akka://coffee-house-system/user/coffee-house] - now supervising Actor[akka://coffee-house-system/user/coffee-house/$c#1777557707]
01:48:54 INFO  [akka://coffee-house-system/user/coffee-house] - Guest caffeine count incremented. WARNING arguments left: 1
01:48:58 DEBUG [akka://coffee-house-system/user/coffee-house] - Guest Actor[akka://coffee-house-system/user/coffee-house/$d#889851811] add to book
01:48:58 DEBUG [akka://coffee-house-system/user/coffee-house] - now supervising Actor[akka://coffee-house-system/user/coffee-house/$d#889851811]
01:48:58 DEBUG [akka://coffee-house-system/user/coffee-house/$d] - started (com.lightbend.training.coffeehouse.Guest@5e381443)
01:48:58 INFO  [akka://coffee-house-system/user/coffee-house] - Guest caffeine count incremented. WARNING arguments left: 1
01:48:58 INFO  [akka://coffee-house-system/user/coffee-house/$b] - Enjoying my 1 yummy Akkaccino 
01:49:03 INFO  [akka://coffee-house-system/user/coffee-house/$c] - Enjoying my 1 yummy Akkaccino 
01:49:03 INFO  [akka://coffee-house-system/user/coffee-house] - Guest caffeine count incremented. WARNING arguments left: 1
01:49:03 DEBUG [akka://coffee-house-system/user/coffee-house] - Guest Actor[akka://coffee-house-system/user/coffee-house/$e#-1322695255] add to book
01:49:03 DEBUG [akka://coffee-house-system/user/coffee-house/$e] - started (com.lightbend.training.coffeehouse.Guest@6ce7b411)
01:49:03 DEBUG [akka://coffee-house-system/user/coffee-house] - now supervising Actor[akka://coffee-house-system/user/coffee-house/$e#-1322695255]
01:49:03 INFO  [akka://coffee-house-system/user/coffee-house] - Guest caffeine count incremented. WARNING arguments left: 1
01:49:05 DEBUG [akka://coffee-house-system/user/coffee-house] - Guest Actor[akka://coffee-house-system/user/coffee-house/$f#2017205057] add to book
01:49:05 DEBUG [akka://coffee-house-system/user/coffee-house] - now supervising Actor[akka://coffee-house-system/user/coffee-house/$f#2017205057]
01:49:05 INFO  [akka://coffee-house-system/user/coffee-house] - Guest caffeine count incremented. WARNING arguments left: 1
01:49:05 DEBUG [akka://coffee-house-system/user/coffee-house/$f] - started (com.lightbend.training.coffeehouse.Guest@22b54056)
01:49:08 INFO  [akka://coffee-house-system/user/coffee-house/$d] - Enjoying my 1 yummy MochaPlay 
01:49:08 INFO  [akka://coffee-house-system/user/coffee-house] - Guest caffeine count incremented. WARNING arguments left: 1
01:49:13 INFO  [akka://coffee-house-system/user/coffee-house/$b] - Enjoying my 2 yummy Akkaccino 
01:49:13 INFO  [akka://coffee-house-system/user/coffee-house] - Guest caffeine count incremented. WARNING arguments left: 1
01:49:18 INFO  [akka://coffee-house-system/user/coffee-house/$e] - Enjoying my 1 yummy CaffeJava 
01:49:18 INFO  [akka://coffee-house-system/user/coffee-house] - Guest caffeine count incremented. WARNING arguments left: 1
01:49:23 INFO  [akka://coffee-house-system/user/coffee-house/$f] - Enjoying my 1 yummy Akkaccino 
01:49:23 INFO  [akka://coffee-house-system/user/coffee-house] - Guest caffeine count incremented. WARNING arguments left: 1
01:49:28 INFO  [akka://coffee-house-system/user/coffee-house/$c] - Enjoying my 2 yummy Akkaccino 
01:49:28 INFO  [akka://coffee-house-system/user/coffee-house] - Guest caffeine count incremented. WARNING arguments left: 1
01:49:33 INFO  [akka://coffee-house-system/user/coffee-house/$d] - Enjoying my 2 yummy MochaPlay 
01:49:33 INFO  [akka://coffee-house-system/user/coffee-house] - Guest caffeine count incremented. WARNING arguments left: 1
01:49:38 INFO  [akka://coffee-house-system/user/coffee-house/$b] - Enjoying my 3 yummy Akkaccino 
01:49:38 INFO  [akka://coffee-house-system/user/coffee-house] - Guest caffeine count incremented. WARNING arguments left: 1
01:49:43 INFO  [akka://coffee-house-system/user/coffee-house/$e] - Enjoying my 2 yummy CaffeJava 
01:49:43 INFO  [akka://coffee-house-system/user/coffee-house] - Guest caffeine count incremented. WARNING arguments left: 1
01:49:48 INFO  [akka://coffee-house-system/user/coffee-house/$f] - Enjoying my 2 yummy Akkaccino 
01:49:48 INFO  [akka://coffee-house-system/user/coffee-house] - Guest caffeine count incremented. WARNING arguments left: 1
01:49:53 INFO  [akka://coffee-house-system/user/coffee-house/$c] - Enjoying my 3 yummy Akkaccino 
01:49:53 INFO  [akka://coffee-house-system/user/coffee-house] - Guest caffeine count incremented. WARNING arguments left: 1
01:49:58 INFO  [akka://coffee-house-system/user/coffee-house/$d] - Enjoying my 3 yummy MochaPlay 
01:49:58 INFO  [akka://coffee-house-system/user/coffee-house] - Guest caffeine count incremented. WARNING arguments left: 1
01:50:03 INFO  [akka://coffee-house-system/user/coffee-house/$b] - Enjoying my 4 yummy Akkaccino 
01:50:03 INFO  [akka://coffee-house-system/user/coffee-house] - Guest caffeine count incremented. WARNING arguments left: 1
01:50:08 INFO  [akka://coffee-house-system/user/coffee-house/$e] - Enjoying my 3 yummy CaffeJava 
01:50:08 INFO  [akka://coffee-house-system/user/coffee-house] - Guest caffeine count incremented. WARNING arguments left: 1
01:50:13 INFO  [akka://coffee-house-system/user/coffee-house/$f] - Enjoying my 3 yummy Akkaccino 
01:50:13 INFO  [akka://coffee-house-system/user/coffee-house] - Guest caffeine count incremented. WARNING arguments left: 1
01:50:18 INFO  [akka://coffee-house-system/user/coffee-house/$c] - Enjoying my 4 yummy Akkaccino 
01:50:18 INFO  [akka://coffee-house-system/user/coffee-house] - Guest caffeine count incremented. WARNING arguments left: 1
01:50:23 INFO  [akka://coffee-house-system/user/coffee-house/$d] - Enjoying my 4 yummy MochaPlay 
01:50:23 INFO  [akka://coffee-house-system/user/coffee-house] - Guest caffeine count incremented. WARNING arguments left: 1
01:50:28 INFO  [akka://coffee-house-system/user/coffee-house/$b] - Enjoying my 5 yummy Akkaccino 
01:50:28 INFO  [akka://coffee-house-system/user/coffee-house] - Guest caffeine count incremented. WARNING arguments left: 1
01:50:33 INFO  [akka://coffee-house-system/user/coffee-house/$e] - Enjoying my 4 yummy CaffeJava 
01:50:33 INFO  [akka://coffee-house-system/user/coffee-house] - Sorry Actor[akka://coffee-house-system/user/coffee-house/$b#1967696264], but you have reached your limit.
01:50:33 INFO  [akka://coffee-house-system/user/coffee-house/$b] - Goodbye!
01:50:33 DEBUG [akka://coffee-house-system/user/coffee-house/$b] - stopped
01:50:38 INFO  [akka://coffee-house-system/user/coffee-house/$f] - Enjoying my 4 yummy Akkaccino 
01:50:38 INFO  [akka://coffee-house-system/user/coffee-house] - Guest caffeine count incremented. WARNING arguments left: 1
01:50:43 INFO  [akka://coffee-house-system/user/coffee-house/$c] - Enjoying my 5 yummy Akkaccino 
01:50:43 INFO  [akka://coffee-house-system/user/coffee-house] - Guest caffeine count incremented. WARNING arguments left: 1
01:50:48 INFO  [akka://coffee-house-system/user/coffee-house/$d] - Enjoying my 5 yummy MochaPlay 
01:50:48 INFO  [akka://coffee-house-system/user/coffee-house] - Sorry Actor[akka://coffee-house-system/user/coffee-house/$c#1777557707], but you have reached your limit.
01:50:48 INFO  [akka://coffee-house-system/user/coffee-house/$c] - Goodbye!
01:50:48 DEBUG [akka://coffee-house-system/user/coffee-house/$c] - stopped
01:50:53 INFO  [akka://coffee-house-system/user/coffee-house/$e] - Enjoying my 5 yummy CaffeJava 
01:50:53 INFO  [akka://coffee-house-system/user/coffee-house] - Sorry Actor[akka://coffee-house-system/user/coffee-house/$d#889851811], but you have reached your limit.
01:50:53 INFO  [akka://coffee-house-system/user/coffee-house/$d] - Goodbye!
01:50:53 DEBUG [akka://coffee-house-system/user/coffee-house/$d] - stopped
01:50:58 INFO  [akka://coffee-house-system/user/coffee-house/$f] - Enjoying my 5 yummy Akkaccino 
01:50:58 INFO  [akka://coffee-house-system/user/coffee-house] - Sorry Actor[akka://coffee-house-system/user/coffee-house/$e#-1322695255], but you have reached your limit.
01:50:58 INFO  [akka://coffee-house-system/user/coffee-house/$e] - Goodbye!
01:50:58 DEBUG [akka://coffee-house-system/user/coffee-house/$e] - stopped
01:51:03 INFO  [akka://coffee-house-system/user/coffee-house] - Sorry Actor[akka://coffee-house-system/user/coffee-house/$f#2017205057], but you have reached your limit.
01:51:03 INFO  [akka://coffee-house-system/user/coffee-house/$f] - Goodbye!
01:51:03 DEBUG [akka://coffee-house-system/user/coffee-house/$f] - stopped
01:52:09 DEBUG [akka://coffee-house-system/user/coffee-house] - stopping
01:52:09 DEBUG [akka://coffee-house-system/user/coffee-house/waiter] - stopped
01:52:09 DEBUG [akka://coffee-house-system/user/coffee-house/barista] - stopped
01:52:09 DEBUG [akka://coffee-house-system/user/coffee-house] - stopped
02:07:34 WARN  [com.lightbend.training.coffeehouse.CoffeeHouseApp] - CoffeeHouseApp running
Enter commands into the terminal, e.g. 'q' or 'quit'
02:07:34 DEBUG [akka://coffee-house-system/user/coffee-house] - CoffeeHouse Open
02:07:34 DEBUG [akka://coffee-house-system/user/coffee-house] - started (com.lightbend.training.coffeehouse.CoffeeHouse@8b4c1c1)
02:07:34 DEBUG [akka://coffee-house-system/user/coffee-house/waiter] - started (com.lightbend.training.coffeehouse.Waiter@5de9c8ee)
02:07:34 DEBUG [akka://coffee-house-system/user/coffee-house] - now supervising Actor[akka://coffee-house-system/user/coffee-house/barista#1563694529]
02:07:34 DEBUG [akka://coffee-house-system/user/coffee-house] - now supervising Actor[akka://coffee-house-system/user/coffee-house/waiter#-1892556562]
02:07:34 DEBUG [akka://coffee-house-system/user/coffee-house/barista] - started (com.lightbend.training.coffeehouse.Barista@53962e91)
02:07:45 DEBUG [akka://coffee-house-system/user/coffee-house] - Guest Actor[akka://coffee-house-system/user/coffee-house/$a#-357444989] add to book
02:07:45 DEBUG [akka://coffee-house-system/user/coffee-house] - now supervising Actor[akka://coffee-house-system/user/coffee-house/$a#-357444989]
02:07:45 DEBUG [akka://coffee-house-system/user/coffee-house/$a] - started (com.lightbend.training.coffeehouse.Guest@356cf831)
02:07:45 DEBUG [akka://coffee-house-system/user/coffee-house/$a] - now watched by Actor[akka://coffee-house-system/user/coffee-house#1877667471]
02:07:45 INFO  [akka://coffee-house-system/user/coffee-house] - Guest caffeine count incremented. WARNING arguments left: 1
02:07:47 DEBUG [akka://coffee-house-system/user/coffee-house] - Guest Actor[akka://coffee-house-system/user/coffee-house/$b#589326549] add to book
02:07:47 DEBUG [akka://coffee-house-system/user/coffee-house/$b] - started (com.lightbend.training.coffeehouse.Guest@41a48898)
02:07:47 DEBUG [akka://coffee-house-system/user/coffee-house/$b] - now watched by Actor[akka://coffee-house-system/user/coffee-house#1877667471]
02:07:47 DEBUG [akka://coffee-house-system/user/coffee-house] - now supervising Actor[akka://coffee-house-system/user/coffee-house/$b#589326549]
02:07:47 INFO  [akka://coffee-house-system/user/coffee-house] - Guest caffeine count incremented. WARNING arguments left: 1
02:07:48 DEBUG [akka://coffee-house-system/user/coffee-house] - Guest Actor[akka://coffee-house-system/user/coffee-house/$c#-459522860] add to book
02:07:48 DEBUG [akka://coffee-house-system/user/coffee-house/$c] - started (com.lightbend.training.coffeehouse.Guest@2e9c33fc)
02:07:48 DEBUG [akka://coffee-house-system/user/coffee-house/$c] - now watched by Actor[akka://coffee-house-system/user/coffee-house#1877667471]
02:07:48 DEBUG [akka://coffee-house-system/user/coffee-house] - now supervising Actor[akka://coffee-house-system/user/coffee-house/$c#-459522860]
02:07:48 INFO  [akka://coffee-house-system/user/coffee-house] - Guest caffeine count incremented. WARNING arguments left: 1
02:07:50 INFO  [akka://coffee-house-system/user/coffee-house/$a] - Enjoying my 1 yummy CaffeJava 
02:07:55 INFO  [akka://coffee-house-system/user/coffee-house/$b] - Enjoying my 1 yummy MochaPlay 
02:07:55 INFO  [akka://coffee-house-system/user/coffee-house] - Guest caffeine count incremented. WARNING arguments left: 1
02:08:00 INFO  [akka://coffee-house-system/user/coffee-house/$c] - Enjoying my 1 yummy Akkaccino 
02:08:00 INFO  [akka://coffee-house-system/user/coffee-house] - Guest caffeine count incremented. WARNING arguments left: 1
02:08:05 INFO  [akka://coffee-house-system/user/coffee-house/$a] - Enjoying my 2 yummy CaffeJava 
02:08:05 INFO  [akka://coffee-house-system/user/coffee-house] - Guest caffeine count incremented. WARNING arguments left: 1
02:08:10 INFO  [akka://coffee-house-system/user/coffee-house/$b] - Enjoying my 2 yummy MochaPlay 
02:08:10 INFO  [akka://coffee-house-system/user/coffee-house] - Guest caffeine count incremented. WARNING arguments left: 1
02:08:15 INFO  [akka://coffee-house-system/user/coffee-house/$c] - Enjoying my 2 yummy Akkaccino 
02:08:15 INFO  [akka://coffee-house-system/user/coffee-house] - Guest caffeine count incremented. WARNING arguments left: 1
02:08:20 INFO  [akka://coffee-house-system/user/coffee-house] - Guest caffeine count incremented. WARNING arguments left: 1
02:08:20 INFO  [akka://coffee-house-system/user/coffee-house/$a] - Enjoying my 3 yummy CaffeJava 
02:08:25 INFO  [akka://coffee-house-system/user/coffee-house/$b] - Enjoying my 3 yummy MochaPlay 
02:08:25 INFO  [akka://coffee-house-system/user/coffee-house] - Guest caffeine count incremented. WARNING arguments left: 1
02:08:30 INFO  [akka://coffee-house-system/user/coffee-house/$c] - Enjoying my 3 yummy Akkaccino 
02:08:30 INFO  [akka://coffee-house-system/user/coffee-house] - Guest caffeine count incremented. WARNING arguments left: 1
02:08:35 INFO  [akka://coffee-house-system/user/coffee-house/$a] - Enjoying my 4 yummy CaffeJava 
02:08:35 INFO  [akka://coffee-house-system/user/coffee-house] - Guest caffeine count incremented. WARNING arguments left: 1
02:08:40 INFO  [akka://coffee-house-system/user/coffee-house/$b] - Enjoying my 4 yummy MochaPlay 
02:08:40 INFO  [akka://coffee-house-system/user/coffee-house] - Guest caffeine count incremented. WARNING arguments left: 1
02:08:45 INFO  [akka://coffee-house-system/user/coffee-house/$c] - Enjoying my 4 yummy Akkaccino 
02:08:45 INFO  [akka://coffee-house-system/user/coffee-house] - Guest caffeine count incremented. WARNING arguments left: 1
02:08:50 INFO  [akka://coffee-house-system/user/coffee-house/$a] - Enjoying my 5 yummy CaffeJava 
02:08:50 INFO  [akka://coffee-house-system/user/coffee-house] - Guest caffeine count incremented. WARNING arguments left: 1
02:08:55 INFO  [akka://coffee-house-system/user/coffee-house/$b] - Enjoying my 5 yummy MochaPlay 
02:08:55 INFO  [akka://coffee-house-system/user/coffee-house] - Sorry Actor[akka://coffee-house-system/user/coffee-house/$a#-357444989], but you have reached your limit.
02:08:55 INFO  [akka://coffee-house-system/user/coffee-house/$a] - Goodbye!
02:08:55 DEBUG [akka://coffee-house-system/user/coffee-house/$a] - stopped
02:08:55 INFO  [akka://coffee-house-system/user/coffee-house] - Thanks Actor[akka://coffee-house-system/user/coffee-house/$a#-357444989], for being our guest!
02:08:55 DEBUG [akka://coffee-house-system/user/coffee-house] - Removed guest Actor[akka://coffee-house-system/user/coffee-house/$a#-357444989] from bookkeeper
02:09:00 INFO  [akka://coffee-house-system/user/coffee-house/$c] - Enjoying my 5 yummy Akkaccino 
02:09:00 INFO  [akka://coffee-house-system/user/coffee-house] - Sorry Actor[akka://coffee-house-system/user/coffee-house/$b#589326549], but you have reached your limit.
02:09:00 INFO  [akka://coffee-house-system/user/coffee-house/$b] - Goodbye!
02:09:00 DEBUG [akka://coffee-house-system/user/coffee-house/$b] - stopped
02:09:00 INFO  [akka://coffee-house-system/user/coffee-house] - Thanks Actor[akka://coffee-house-system/user/coffee-house/$b#589326549], for being our guest!
02:09:00 DEBUG [akka://coffee-house-system/user/coffee-house] - Removed guest Actor[akka://coffee-house-system/user/coffee-house/$b#589326549] from bookkeeper
02:09:05 INFO  [akka://coffee-house-system/user/coffee-house] - Sorry Actor[akka://coffee-house-system/user/coffee-house/$c#-459522860], but you have reached your limit.
02:09:05 INFO  [akka://coffee-house-system/user/coffee-house/$c] - Goodbye!
02:09:05 DEBUG [akka://coffee-house-system/user/coffee-house/$c] - stopped
02:09:05 INFO  [akka://coffee-house-system/user/coffee-house] - Thanks Actor[akka://coffee-house-system/user/coffee-house/$c#-459522860], for being our guest!
02:09:05 DEBUG [akka://coffee-house-system/user/coffee-house] - Removed guest Actor[akka://coffee-house-system/user/coffee-house/$c#-459522860] from bookkeeper
02:09:19 DEBUG [akka://coffee-house-system/user/coffee-house] - stopping
02:09:19 DEBUG [akka://coffee-house-system/user/coffee-house/barista] - stopped
02:09:19 DEBUG [akka://coffee-house-system/user/coffee-house] - stopped
02:09:19 DEBUG [akka://coffee-house-system/user/coffee-house/waiter] - stopped
